<?xml version="1.0" encoding="UTF-8"?>
<!-- Generated by org.testng.reporters.JUnitReportReporter -->
<testsuite skipped="0" hostname="DESKTOP-6NI868R" name="pages.SignInPage" tests="1" failures="0" timestamp="15 Mar 2020 13:14:54 GMT" time="0.445" errors="0">
  <testcase name="EnterEmailToCreateAccount" time="0.445" classname="pages.SignInPage"/>
</testsuite> <!-- pages.SignInPage -->
