<?xml version="1.0" encoding="UTF-8"?>
<!-- Generated by org.testng.reporters.JUnitReportReporter -->
<testsuite skipped="0" hostname="DESKTOP-6NI868R" name="testcases.SignInTest" tests="1" failures="0" timestamp="17 Mar 2020 15:58:10 GMT" time="38.981" errors="0">
  <testcase name="SignIn_Test" time="38.981" classname="testcases.SignInTest"/>
</testsuite> <!-- testcases.SignInTest -->
